  SpriteSheet.cpp
f:\programming\games\2d\game\game\spritesheet.cpp(42): warning C4244: '=': conversion from 'FLOAT' to 'int', possible loss of data
f:\programming\games\2d\game\game\spritesheet.cpp(43): warning C4244: '=': conversion from 'FLOAT' to 'int', possible loss of data
  MainScreen.cpp
f:\programming\games\2d\game\game\hptimer.h(35): warning C4244: 'initializing': conversion from '__int64' to 'float', possible loss of data
f:\programming\games\2d\game\game\hptimer.h(40): warning C4244: 'initializing': conversion from '__int64' to 'float', possible loss of data
  Main.cpp
f:\programming\games\2d\game\game\hptimer.h(35): warning C4244: 'initializing': conversion from '__int64' to 'float', possible loss of data
f:\programming\games\2d\game\game\hptimer.h(40): warning C4244: 'initializing': conversion from '__int64' to 'float', possible loss of data
  Graphics.cpp
  GameController.cpp
f:\programming\games\2d\game\game\hptimer.h(35): warning C4244: 'initializing': conversion from '__int64' to 'float', possible loss of data
f:\programming\games\2d\game\game\hptimer.h(40): warning C4244: 'initializing': conversion from '__int64' to 'float', possible loss of data
  Generating Code...
  Compiling...
  GameScreen.cpp
  Generating Code...
Graphics.obj : error LNK2019: unresolved external symbol _D2D1CreateFactory@16 referenced in function "long __cdecl D2D1CreateFactory(enum D2D1_FACTORY_TYPE,struct _GUID const &,void * *)" (?D2D1CreateFactory@@YAJW4D2D1_FACTORY_TYPE@@ABU_GUID@@PAPAX@Z)
SpriteSheet.obj : error LNK2001: unresolved external symbol _IID_IWICImagingFactory
F:\Programming\Games\2D\Game\Debug\Game.exe : fatal error LNK1120: 2 unresolved externals
